baker/build/outputs/logs/manifest-merger-debug-report.txt
-- Merging decision tree log ---
manifest
ADDED from src/main/AndroidManifest.xml:2:1-169:12
	xmlns:android
		ADDED from src/main/AndroidManifest.xml:2:11-69
	package
		ADDED from src/main/AndroidManifest.xml:3:5-39
		INJECTED from src/main/AndroidManifest.xml
		INJECTED from src/main/AndroidManifest.xml
	android:versionName
		ADDED from src/main/AndroidManifest.xml:5:5-32
		INJECTED from src/main/AndroidManifest.xml
		INJECTED from src/main/AndroidManifest.xml
	android:versionCode
		ADDED from src/main/AndroidManifest.xml:4:5-28
		INJECTED from src/main/AndroidManifest.xml
		INJECTED from src/main/AndroidManifest.xml
uses-sdk
ADDED from src/main/AndroidManifest.xml:7:5-9:41
MERGED from [com.google.android.gms:play-services:6.5.87] AndroidManifest.xml:18:5-42
MERGED from [com.android.support:support-v4:21.0.3] AndroidManifest.xml:15:5-42
MERGED from [com.viewpagerindicator:library:2.4.1] AndroidManifest.xml:3:5-42
MERGED from [com.android.support:appcompat-v7:21.0.3] AndroidManifest.xml:15:5-42
MERGED from [com.android.support:support-v4:21.0.3] AndroidManifest.xml:15:5-42
MERGED from [org.solovyev.android:checkout:0.6.0] AndroidManifest.xml:30:5-32:41
	android:targetSdkVersion
		ADDED from src/main/AndroidManifest.xml:9:9-38
		INJECTED from src/main/AndroidManifest.xml
		INJECTED from src/main/AndroidManifest.xml
	android:minSdkVersion
		ADDED from src/main/AndroidManifest.xml:8:9-35
		INJECTED from src/main/AndroidManifest.xml
		INJECTED from src/main/AndroidManifest.xml
uses-permission#android.permission.INTERNET
ADDED from src/main/AndroidManifest.xml:11:5-67
	android:name
		ADDED from src/main/AndroidManifest.xml:11:22-64
uses-permission#android.permission.ACCESS_NETWORK_STATE
ADDED from src/main/AndroidManifest.xml:12:5-79
	android:name
		ADDED from src/main/AndroidManifest.xml:12:22-76
uses-permission#android.permission.WAKE_LOCK
ADDED from src/main/AndroidManifest.xml:13:5-68
	android:name
		ADDED from src/main/AndroidManifest.xml:13:22-65
uses-permission#android.permission.VIBRATE
ADDED from src/main/AndroidManifest.xml:14:5-66
	android:name
		ADDED from src/main/AndroidManifest.xml:14:22-63
uses-permission#android.permission.GET_ACCOUNTS
ADDED from src/main/AndroidManifest.xml:15:5-71
	android:name
		ADDED from src/main/AndroidManifest.xml:15:22-68
uses-permission#com.google.android.c2dm.permission.RECEIVE
ADDED from src/main/AndroidManifest.xml:16:5-82
	android:name
		ADDED from src/main/AndroidManifest.xml:16:22-79
permission#com.bakerframework.baker.permission.C2D_MESSAGE
ADDED from src/main/AndroidManifest.xml:22:5-23:74
	android:protectionLevel
		ADDED from src/main/AndroidManifest.xml:22:17-52
	android:name
		ADDED from src/main/AndroidManifest.xml:23:9-71
uses-permission#com.bakerframework.baker.permission.C2D_MESSAGE
ADDED from src/main/AndroidManifest.xml:24:5-87
	android:name
		ADDED from src/main/AndroidManifest.xml:24:22-84
application
ADDED from src/main/AndroidManifest.xml:42:5-152:19
MERGED from [com.google.android.gms:play-services:6.5.87] AndroidManifest.xml:20:5-24:19
MERGED from [com.android.support:support-v4:21.0.3] AndroidManifest.xml:16:5-19
MERGED from [com.android.support:appcompat-v7:21.0.3] AndroidManifest.xml:16:5-19
MERGED from [com.android.support:support-v4:21.0.3] AndroidManifest.xml:16:5-19
MERGED from [org.solovyev.android:checkout:0.6.0] AndroidManifest.xml:34:5-47
	android:windowSoftInputMode
		ADDED from src/main/AndroidManifest.xml:47:9-48
	android:label
		ADDED from src/main/AndroidManifest.xml:46:9-41
	android:allowBackup
		ADDED from src/main/AndroidManifest.xml:43:9-35
	android:icon
		ADDED from src/main/AndroidManifest.xml:45:9-45
	android:hardwareAccelerated
		ADDED from src/main/AndroidManifest.xml:44:9-43
	android:allowClearUserData
		ADDED from src/main/AndroidManifest.xml:49:9-42
	android:name
		ADDED from src/main/AndroidManifest.xml:50:9-41
	android:vmSafeMode
		ADDED from src/main/AndroidManifest.xml:48:9-34
meta-data#com.google.android.gms.version
ADDED from src/main/AndroidManifest.xml:51:9-53:69
MERGED from [com.google.android.gms:play-services:6.5.87] AndroidManifest.xml:21:9-23:69
	android:name
		ADDED from src/main/AndroidManifest.xml:52:13-58
	android:value
		ADDED from src/main/AndroidManifest.xml:53:13-66
activity#com.bakerframework.baker.activity.SplashActivity
ADDED from src/main/AndroidManifest.xml:55:9-64:20
	android:screenOrientation
		ADDED from src/main/AndroidManifest.xml:58:13-49
	android:label
		ADDED from src/main/AndroidManifest.xml:57:13-45
	android:theme
		ADDED from src/main/AndroidManifest.xml:59:13-66
	android:name
		ADDED from src/main/AndroidManifest.xml:56:13-52
intent-filter#android.intent.action.MAIN+android.intent.category.LAUNCHER
ADDED from src/main/AndroidManifest.xml:60:13-63:29
action#android.intent.action.MAIN
ADDED from src/main/AndroidManifest.xml:61:17-69
	android:name
		ADDED from src/main/AndroidManifest.xml:61:25-66
category#android.intent.category.LAUNCHER
ADDED from src/main/AndroidManifest.xml:62:17-77
	android:name
		ADDED from src/main/AndroidManifest.xml:62:27-74
activity#com.bakerframework.baker.activity.ShelfActivity
ADDED from src/main/AndroidManifest.xml:65:9-71:20
	android:screenOrientation
		ADDED from src/main/AndroidManifest.xml:68:13-49
	android:label
		ADDED from src/main/AndroidManifest.xml:69:13-45
	android:configChanges
		ADDED from src/main/AndroidManifest.xml:67:13-59
	android:theme
		ADDED from src/main/AndroidManifest.xml:70:13-52
	android:name
		ADDED from src/main/AndroidManifest.xml:66:13-51
activity#com.bakerframework.baker.activity.IssueActivity
ADDED from src/main/AndroidManifest.xml:72:9-77:20
	android:configChanges
		ADDED from src/main/AndroidManifest.xml:74:13-59
	android:theme
		ADDED from src/main/AndroidManifest.xml:76:13-83
	android:parentActivityName
		ADDED from src/main/AndroidManifest.xml:75:13-65
	android:name
		ADDED from src/main/AndroidManifest.xml:73:13-51
activity#com.bakerframework.baker.activity.InfoActivity
ADDED from src/main/AndroidManifest.xml:78:9-83:20
	android:configChanges
		ADDED from src/main/AndroidManifest.xml:80:13-59
	android:theme
		ADDED from src/main/AndroidManifest.xml:82:13-83
	android:parentActivityName
		ADDED from src/main/AndroidManifest.xml:81:13-65
	android:name
		ADDED from src/main/AndroidManifest.xml:79:13-50
activity#com.bakerframework.baker.settings.SettingsActivity
ADDED from src/main/AndroidManifest.xml:84:9-89:20
	android:configChanges
		ADDED from src/main/AndroidManifest.xml:86:13-59
	android:theme
		ADDED from src/main/AndroidManifest.xml:88:13-52
	android:parentActivityName
		ADDED from src/main/AndroidManifest.xml:87:13-65
	android:name
		ADDED from src/main/AndroidManifest.xml:85:13-78
activity#com.bakerframework.baker.activity.ModalActivity
ADDED from src/main/AndroidManifest.xml:90:9-95:20
	android:configChanges
		ADDED from src/main/AndroidManifest.xml:92:13-59
	android:theme
		ADDED from src/main/AndroidManifest.xml:94:13-83
	android:parentActivityName
		ADDED from src/main/AndroidManifest.xml:93:13-65
	android:name
		ADDED from src/main/AndroidManifest.xml:91:13-51
receiver#com.bakerframework.baker.GcmBroadcastReceiver
ADDED from src/main/AndroidManifest.xml:97:9-104:20
	android:permission
		ADDED from src/main/AndroidManifest.xml:99:13-73
	android:name
		ADDED from src/main/AndroidManifest.xml:98:13-73
intent-filter#com.bakerframework.baker+com.google.android.c2dm.intent.RECEIVE
ADDED from src/main/AndroidManifest.xml:100:13-103:29
action#com.google.android.c2dm.intent.RECEIVE
ADDED from src/main/AndroidManifest.xml:101:17-81
	android:name
		ADDED from src/main/AndroidManifest.xml:101:25-78
category#com.bakerframework.baker
ADDED from src/main/AndroidManifest.xml:102:17-69
	android:name
		ADDED from src/main/AndroidManifest.xml:102:27-66
service#com.parse.PushService
ADDED from src/main/AndroidManifest.xml:106:9-57
	android:name
		ADDED from src/main/AndroidManifest.xml:106:18-54
receiver#com.parse.ParsePushBroadcastReceiver
ADDED from src/main/AndroidManifest.xml:107:9-114:20
	android:exported
		ADDED from src/main/AndroidManifest.xml:108:13-37
	android:name
		ADDED from src/main/AndroidManifest.xml:107:19-70
intent-filter#com.parse.push.intent.DELETE+com.parse.push.intent.OPEN+com.parse.push.intent.RECEIVE
ADDED from src/main/AndroidManifest.xml:109:13-113:29
action#com.parse.push.intent.RECEIVE
ADDED from src/main/AndroidManifest.xml:110:17-72
	android:name
		ADDED from src/main/AndroidManifest.xml:110:25-69
action#com.parse.push.intent.DELETE
ADDED from src/main/AndroidManifest.xml:111:17-71
	android:name
		ADDED from src/main/AndroidManifest.xml:111:25-68
action#com.parse.push.intent.OPEN
ADDED from src/main/AndroidManifest.xml:112:17-69
	android:name
		ADDED from src/main/AndroidManifest.xml:112:25-66
receiver#com.parse.GcmBroadcastReceiver
ADDED from src/main/AndroidManifest.xml:115:9-126:20
	android:permission
		ADDED from src/main/AndroidManifest.xml:116:13-73
	android:name
		ADDED from src/main/AndroidManifest.xml:115:19-64
intent-filter#com.bakerframework.baker+com.google.android.c2dm.intent.RECEIVE+com.google.android.c2dm.intent.REGISTRATION
ADDED from src/main/AndroidManifest.xml:117:13-125:29
action#com.google.android.c2dm.intent.REGISTRATION
ADDED from src/main/AndroidManifest.xml:119:17-86
	android:name
		ADDED from src/main/AndroidManifest.xml:119:25-83
uses-permission#android.permission.READ_PHONE_STATE
ADDED from src/main/AndroidManifest.xml:154:5-75
	android:name
		ADDED from src/main/AndroidManifest.xml:154:22-72
uses-permission#android.permission.ACCESS_WIFI_STATE
ADDED from src/main/AndroidManifest.xml:155:5-76
	android:name
		ADDED from src/main/AndroidManifest.xml:155:22-73
uses-permission#android.permission.WRITE_EXTERNAL_STORAGE
ADDED from src/main/AndroidManifest.xml:159:5-81
	android:name
		ADDED from src/main/AndroidManifest.xml:159:22-78
uses-permission#android.permission.DOWNLOAD_WITHOUT_NOTIFICATION
ADDED from src/main/AndroidManifest.xml:160:5-88
	android:name
		ADDED from src/main/AndroidManifest.xml:160:22-85
uses-permission#com.android.vending.BILLING
ADDED from src/main/AndroidManifest.xml:163:5-67
MERGED from [org.solovyev.android:checkout:0.6.0] AndroidManifest.xml:28:5-67
	android:name
		ADDED from src/main/AndroidManifest.xml:163:22-64
uses-permission#com.android.vending.CHECK_LICENSE
ADDED from src/main/AndroidManifest.xml:164:5-73
	android:name
		ADDED from src/main/AndroidManifest.xml:164:22-70